Build started 17/10/2011 22:33:47.
     1>Project "C:\Users\Sam\Documents\Programs\C++\Component\Component.vcxproj" on node 2 (build target(s)).
     1>InitializeBuildStatus:
         Creating "Debug\Component.unsuccessfulbuild" because "AlwaysCreate" was specified.
       ClCompile:
         C:\Program Files (x86)\Microsoft Visual Studio 10.0\VC\bin\CL.exe /c /Zi /nologo /W3 /WX- /Od /Oy- /D WIN32 /D _DEBUG /D _CONSOLE /Gm /EHsc /RTC1 /MDd /GS /fp:precise /Zc:wchar_t /Zc:forScope /Fo"Debug\\" /Fd"Debug\vc100.pdb" /Gd /TP /analyze- /errorReport:prompt Core.cpp GfxComponent.cpp GfxSub.cpp main.cpp Store.cpp
         Store.cpp
     1>c:\users\sam\documents\programs\c++\component\Store.h(6): fatal error C1083: Cannot open include file: 'SFML/Graphics.hpp': No such file or directory
         main.cpp
     1>main.cpp(3): fatal error C1083: Cannot open include file: 'SFML/Graphics.hpp': No such file or directory
         GfxSub.cpp
     1>c:\users\sam\documents\programs\c++\component\GfxComponent.h(4): fatal error C1083: Cannot open include file: 'SFML/Graphics.hpp': No such file or directory
         GfxComponent.cpp
     1>c:\users\sam\documents\programs\c++\component\GfxComponent.h(4): fatal error C1083: Cannot open include file: 'SFML/Graphics.hpp': No such file or directory
         Core.cpp
     1>c:\users\sam\documents\programs\c++\component\GfxComponent.h(4): fatal error C1083: Cannot open include file: 'SFML/Graphics.hpp': No such file or directory
         Generating Code...
     1>Done Building Project "C:\Users\Sam\Documents\Programs\C++\Component\Component.vcxproj" (build target(s)) -- FAILED.

Build FAILED.

Time Elapsed 00:00:02.19
